  Button.cpp
  Effect.cpp
  Enemy.cpp
  Entity.cpp
E:\CODING\MyGame\SpaceShooter\src\Entity.cpp(4,13): warning C4244: '=': conversion from 'double' to 'int', possible loss of data
E:\CODING\MyGame\SpaceShooter\src\Entity.cpp(9,13): warning C4244: '+=': conversion from 'double' to 'int', possible loss of data
E:\CODING\MyGame\SpaceShooter\src\Entity.cpp(10,13): warning C4244: '+=': conversion from 'double' to 'int', possible loss of data
  Game.cpp
E:\CODING\MyGame\SpaceShooter\src\Game.cpp(796,15): warning C4244: 'initializing': conversion from 'int' to 'float', possible loss of data
E:\CODING\MyGame\SpaceShooter\src\Game.cpp(797,15): warning C4244: 'initializing': conversion from 'int' to 'float', possible loss of data
E:\CODING\MyGame\SpaceShooter\src\Game.cpp(811,15): warning C4244: 'initializing': conversion from 'int' to 'float', possible loss of data
E:\CODING\MyGame\SpaceShooter\src\Game.cpp(812,15): warning C4244: 'initializing': conversion from 'int' to 'float', possible loss of data
E:\CODING\MyGame\SpaceShooter\src\Game.cpp(1049,47): warning C4838: conversion from 'double' to 'int' requires a narrowing conversion
E:\CODING\MyGame\SpaceShooter\src\Game.cpp(1049,47): warning C4244: 'initializing': conversion from 'double' to 'int', possible loss of data
  main.cpp
  Player.cpp
E:\CODING\MyGame\SpaceShooter\src\Player.cpp(34,14): warning C4244: '=': conversion from 'double' to 'int', possible loss of data
E:\CODING\MyGame\SpaceShooter\src\Player.cpp(35,14): warning C4244: '=': conversion from 'double' to 'int', possible loss of data
  Generating code
  Previous IPDB not found, fall back to full compilation.
  All 579 functions were compiled because no usable IPDB/IOBJ from previous compilation was found.
  Finished generating code
  SpaceShooter.vcxproj -> E:\CODING\MyGame\SpaceShooter\x64\Release\SpaceShooter.exe
